  stdafx.cpp
c:\users\mixwix\downloads\2denemymanager\bullet.h(16): warning C4244: '+=': 'float'에서 'LONG'(으)로 변환하면서 데이터가 손실될 수 있습니다.
c:\users\mixwix\downloads\2denemymanager\bullet.h(17): warning C4244: '+=': 'float'에서 'LONG'(으)로 변환하면서 데이터가 손실될 수 있습니다.
  Timer.cpp
  TimeManager.cpp
  StartScene.cpp
  SoundManager.cpp
  SceneManager.cpp
  MainGame.cpp
  ImageManager.cpp
  Image.cpp
  GameScene.cpp
  GameNode.cpp
  EnemyManager.cpp
c:\users\mixwix\downloads\2denemymanager\enemymanager.cpp(25): warning C4018: '<': signed 또는 unsigned가 일치하지 않습니다.
c:\users\mixwix\downloads\2denemymanager\enemymanager.cpp(35): warning C4018: '<': signed 또는 unsigned가 일치하지 않습니다.
  Enemy.cpp
c:\users\mixwix\downloads\2denemymanager\enemy.cpp(48): warning C4244: '인수': 'int'에서 'float'(으)로 변환하면서 데이터가 손실될 수 있습니다.
  EffectManager.cpp
c:\users\mixwix\downloads\2denemymanager\effectmanager.cpp(25): warning C4018: '<': signed 또는 unsigned가 일치하지 않습니다.
c:\users\mixwix\downloads\2denemymanager\effectmanager.cpp(37): warning C4018: '<': signed 또는 unsigned가 일치하지 않습니다.
c:\users\mixwix\downloads\2denemymanager\effectmanager.cpp(69): warning C4018: '<': signed 또는 unsigned가 일치하지 않습니다.
c:\users\mixwix\downloads\2denemymanager\effectmanager.cpp(87): warning C4018: '<': signed 또는 unsigned가 일치하지 않습니다.
  Effect.cpp
  Bullet.cpp
c:\users\mixwix\downloads\2denemymanager\bullet.cpp(16): warning C4018: '<': signed 또는 unsigned가 일치하지 않습니다.
c:\users\mixwix\downloads\2denemymanager\bullet.cpp(28): warning C4018: '<': signed 또는 unsigned가 일치하지 않습니다.
c:\users\mixwix\downloads\2denemymanager\bullet.cpp(36): warning C4018: '<': signed 또는 unsigned가 일치하지 않습니다.
  BackBuffer.cpp
  Animation.cpp
  2DFrameWork.cpp
  코드를 생성하고 있습니다...
  2DFrameWork.vcxproj -> C:\Users\mixwix\Downloads\2DEnemyManager\Debug\2DFrameWork.exe
